<?xml version="1.0" encoding="UTF-8"?>
<!-- Generated by org.testng.reporters.JUnitXMLReporter -->
<testsuite hostname="HP-PC" name="Test" tests="6" failures="0" timestamp="10 Feb 2021 09:19:38 GMT" time="61.432" errors="0">
  <testcase name="verifyPageTitle" time="6.431" classname="tests.HomePageTest"/>
  <testcase name="verifyDisplayOfFlightSelection" time="1.114" classname="tests.ReservePageTest"/>
  <testcase name="verifySelectedFromLocation" time="1.463" classname="tests.ReservePageTest"/>
  <testcase name="verifySelectedToLocation" time="1.14" classname="tests.ReservePageTest"/>
  <testcase name="selectFlightAndVerifyTotalCost" time="1.811" classname="tests.PurchasePageTest"/>
  <testcase name="verifyBookingDateTime" time="6.111" classname="tests.ConfirmationPageTest"/>
</testsuite> <!-- Test -->
