<?xml version="1.0" encoding="UTF-8"?>
<!-- Generated by org.testng.reporters.JUnitXMLReporter -->
<testsuite hostname="HP-PC" ignored="0" name="Test" tests="6" failures="0" timestamp="10 Feb 2021 09:23:03 GMT" time="58.299" errors="0">
  <testcase name="verifyPageTitle" time="6.672" classname="tests.HomePageTest"/>
  <testcase name="verifyDisplayOfFlightSelection" time="0.943" classname="tests.ReservePageTest"/>
  <testcase name="verifySelectedFromLocation" time="0.941" classname="tests.ReservePageTest"/>
  <testcase name="verifySelectedToLocation" time="1.359" classname="tests.ReservePageTest"/>
  <testcase name="selectFlightAndVerifyTotalCost" time="1.85" classname="tests.PurchasePageTest"/>
  <testcase name="verifyBookingDateTime" time="4.053" classname="tests.ConfirmationPageTest"/>
</testsuite> <!-- Test -->
