<?xml version="1.0" encoding="UTF-8"?>
<testng-results skipped="0" failed="0" ignored="0" total="6" passed="6">
  <reporter-output>
  </reporter-output>
  <suite name="Suite" duration-ms="58299" started-at="2021-02-10T09:22:05Z" finished-at="2021-02-10T09:23:03Z">
    <groups>
    </groups>
    <test name="Test" duration-ms="58299" started-at="2021-02-10T09:22:05Z" finished-at="2021-02-10T09:23:03Z">
      <class name="tests.ReservePageTest">
        <test-method status="PASS" signature="initialSetUp()[pri:0, instance:tests.ReservePageTest@26f67b76]" name="initialSetUp" is-config="true" duration-ms="4995" started-at="2021-02-10T09:22:22Z" finished-at="2021-02-10T09:22:27Z">
          <reporter-output>
          </reporter-output>
        </test-method> <!-- initialSetUp -->
        <test-method status="PASS" signature="verifyDisplayOfFlightSelection()[pri:0, instance:tests.ReservePageTest@26f67b76]" name="verifyDisplayOfFlightSelection" duration-ms="943" started-at="2021-02-10T09:22:27Z" finished-at="2021-02-10T09:22:28Z">
          <reporter-output>
          </reporter-output>
        </test-method> <!-- verifyDisplayOfFlightSelection -->
        <test-method status="PASS" signature="tearDown()[pri:0, instance:tests.ReservePageTest@26f67b76]" name="tearDown" is-config="true" duration-ms="956" started-at="2021-02-10T09:22:28Z" finished-at="2021-02-10T09:22:29Z">
          <reporter-output>
          </reporter-output>
        </test-method> <!-- tearDown -->
        <test-method status="PASS" signature="initialSetUp()[pri:0, instance:tests.ReservePageTest@26f67b76]" name="initialSetUp" is-config="true" duration-ms="5859" started-at="2021-02-10T09:22:29Z" finished-at="2021-02-10T09:22:35Z">
          <reporter-output>
          </reporter-output>
        </test-method> <!-- initialSetUp -->
        <test-method status="PASS" signature="verifySelectedFromLocation()[pri:0, instance:tests.ReservePageTest@26f67b76]" name="verifySelectedFromLocation" duration-ms="941" started-at="2021-02-10T09:22:35Z" finished-at="2021-02-10T09:22:36Z">
          <reporter-output>
          </reporter-output>
        </test-method> <!-- verifySelectedFromLocation -->
        <test-method status="PASS" signature="tearDown()[pri:0, instance:tests.ReservePageTest@26f67b76]" name="tearDown" is-config="true" duration-ms="948" started-at="2021-02-10T09:22:36Z" finished-at="2021-02-10T09:22:36Z">
          <reporter-output>
          </reporter-output>
        </test-method> <!-- tearDown -->
        <test-method status="PASS" signature="initialSetUp()[pri:0, instance:tests.ReservePageTest@26f67b76]" name="initialSetUp" is-config="true" duration-ms="4051" started-at="2021-02-10T09:22:36Z" finished-at="2021-02-10T09:22:41Z">
          <reporter-output>
          </reporter-output>
        </test-method> <!-- initialSetUp -->
        <test-method status="PASS" signature="verifySelectedToLocation()[pri:0, instance:tests.ReservePageTest@26f67b76]" name="verifySelectedToLocation" duration-ms="1359" started-at="2021-02-10T09:22:41Z" finished-at="2021-02-10T09:22:42Z">
          <reporter-output>
          </reporter-output>
        </test-method> <!-- verifySelectedToLocation -->
        <test-method status="PASS" signature="tearDown()[pri:0, instance:tests.ReservePageTest@26f67b76]" name="tearDown" is-config="true" duration-ms="1126" started-at="2021-02-10T09:22:42Z" finished-at="2021-02-10T09:22:43Z">
          <reporter-output>
          </reporter-output>
        </test-method> <!-- tearDown -->
      </class> <!-- tests.ReservePageTest -->
      <class name="tests.HomePageTest">
        <test-method status="PASS" signature="initialSetUp()[pri:0, instance:tests.HomePageTest@97e1986]" name="initialSetUp" is-config="true" duration-ms="8344" started-at="2021-02-10T09:22:05Z" finished-at="2021-02-10T09:22:13Z">
          <reporter-output>
          </reporter-output>
        </test-method> <!-- initialSetUp -->
        <test-method status="PASS" signature="verifyPageTitle()[pri:0, instance:tests.HomePageTest@97e1986]" name="verifyPageTitle" duration-ms="6672" started-at="2021-02-10T09:22:13Z" finished-at="2021-02-10T09:22:20Z">
          <reporter-output>
          </reporter-output>
        </test-method> <!-- verifyPageTitle -->
        <test-method status="PASS" signature="tearDown()[pri:0, instance:tests.HomePageTest@97e1986]" name="tearDown" is-config="true" duration-ms="2014" started-at="2021-02-10T09:22:20Z" finished-at="2021-02-10T09:22:22Z">
          <reporter-output>
          </reporter-output>
        </test-method> <!-- tearDown -->
      </class> <!-- tests.HomePageTest -->
      <class name="tests.PurchasePageTest">
        <test-method status="PASS" signature="initialSetUp()[pri:0, instance:tests.PurchasePageTest@153f5a29]" name="initialSetUp" is-config="true" duration-ms="5681" started-at="2021-02-10T09:22:43Z" finished-at="2021-02-10T09:22:49Z">
          <reporter-output>
          </reporter-output>
        </test-method> <!-- initialSetUp -->
        <test-method status="PASS" signature="selectFlightAndVerifyTotalCost()[pri:0, instance:tests.PurchasePageTest@153f5a29]" name="selectFlightAndVerifyTotalCost" duration-ms="1850" started-at="2021-02-10T09:22:49Z" finished-at="2021-02-10T09:22:51Z">
          <reporter-output>
          </reporter-output>
        </test-method> <!-- selectFlightAndVerifyTotalCost -->
        <test-method status="PASS" signature="tearDown()[pri:0, instance:tests.PurchasePageTest@153f5a29]" name="tearDown" is-config="true" duration-ms="925" started-at="2021-02-10T09:22:51Z" finished-at="2021-02-10T09:22:51Z">
          <reporter-output>
          </reporter-output>
        </test-method> <!-- tearDown -->
      </class> <!-- tests.PurchasePageTest -->
      <class name="tests.ConfirmationPageTest">
        <test-method status="PASS" signature="initialSetUp()[pri:0, instance:tests.ConfirmationPageTest@7f560810]" name="initialSetUp" is-config="true" duration-ms="6688" started-at="2021-02-10T09:22:51Z" finished-at="2021-02-10T09:22:58Z">
          <reporter-output>
          </reporter-output>
        </test-method> <!-- initialSetUp -->
        <test-method status="PASS" signature="verifyBookingDateTime(java.lang.String, java.lang.String, java.lang.String, java.lang.String, java.lang.String, java.lang.String, java.lang.String, java.lang.String, java.lang.String, java.lang.String)[pri:0, instance:tests.ConfirmationPageTest@7f560810]" name="verifyBookingDateTime" duration-ms="4053" started-at="2021-02-10T09:22:58Z" data-provider="customerData" finished-at="2021-02-10T09:23:02Z">
          <params>
            <param index="0">
              <value>
                <![CDATA[sunil]]>
              </value>
            </param>
            <param index="1">
              <value>
                <![CDATA[addres1]]>
              </value>
            </param>
            <param index="2">
              <value>
                <![CDATA[bang]]>
              </value>
            </param>
            <param index="3">
              <value>
                <![CDATA[Kar]]>
              </value>
            </param>
            <param index="4">
              <value>
                <![CDATA[56009]]>
              </value>
            </param>
            <param index="5">
              <value>
                <![CDATA[American Express]]>
              </value>
            </param>
            <param index="6">
              <value>
                <![CDATA[111122244445555]]>
              </value>
            </param>
            <param index="7">
              <value>
                <![CDATA[02]]>
              </value>
            </param>
            <param index="8">
              <value>
                <![CDATA[2022]]>
              </value>
            </param>
            <param index="9">
              <value>
                <![CDATA[Gowda]]>
              </value>
            </param>
          </params>
          <reporter-output>
          </reporter-output>
        </test-method> <!-- verifyBookingDateTime -->
        <test-method status="PASS" signature="tearDown()[pri:0, instance:tests.ConfirmationPageTest@7f560810]" name="tearDown" is-config="true" duration-ms="850" started-at="2021-02-10T09:23:02Z" finished-at="2021-02-10T09:23:03Z">
          <reporter-output>
          </reporter-output>
        </test-method> <!-- tearDown -->
      </class> <!-- tests.ConfirmationPageTest -->
    </test> <!-- Test -->
  </suite> <!-- Suite -->
</testng-results>
