<?xml version="1.0" encoding="UTF-8"?>
<testng-results skipped="0" failed="0" total="1" passed="1">
  <reporter-output>
  </reporter-output>
  <suite name="Default suite" duration-ms="11983" started-at="2021-02-10T09:23:30Z" finished-at="2021-02-10T09:23:42Z">
    <groups>
    </groups>
    <test name="Default test" duration-ms="11983" started-at="2021-02-10T09:23:30Z" finished-at="2021-02-10T09:23:42Z">
      <class name="tests.HomePageTest">
        <test-method status="PASS" signature="initialSetUp()[pri:0, instance:tests.HomePageTest@43a25848]" name="initialSetUp" is-config="true" duration-ms="5864" started-at="2021-02-10T14:53:30Z" finished-at="2021-02-10T14:53:36Z">
          <reporter-output>
          </reporter-output>
        </test-method> <!-- initialSetUp -->
        <test-method status="PASS" signature="verifyPageTitle()[pri:0, instance:tests.HomePageTest@43a25848]" name="verifyPageTitle" duration-ms="5157" started-at="2021-02-10T14:53:36Z" finished-at="2021-02-10T14:53:41Z">
          <reporter-output>
          </reporter-output>
        </test-method> <!-- verifyPageTitle -->
        <test-method status="PASS" signature="tearDown()[pri:0, instance:tests.HomePageTest@43a25848]" name="tearDown" is-config="true" duration-ms="938" started-at="2021-02-10T14:53:41Z" finished-at="2021-02-10T14:53:42Z">
          <reporter-output>
          </reporter-output>
        </test-method> <!-- tearDown -->
      </class> <!-- tests.HomePageTest -->
    </test> <!-- Default test -->
  </suite> <!-- Default suite -->
</testng-results>
